2025-06-12 16:08:37,748 - INFO - Запуск парсера с запросом: кран шаровой
2025-06-12 16:08:37,748 - INFO - Инициализация браузера
2025-06-12 16:08:41,370 - INFO - Переход на сайт Ozon
2025-06-12 16:08:41,370 - INFO - Ожидание полной загрузки страницы перед вводом запроса
2025-06-12 16:08:48,378 - INFO - Ввод поискового запроса: кран шаровой
2025-06-12 16:08:54,566 - INFO - Поисковый запрос отправлен
2025-06-12 16:08:54,567 - INFO - Браузер успешно открыт
2025-06-12 16:08:55,097 - INFO - Собрано новых ссылок: 24, всего: 24
2025-06-12 16:08:55,569 - INFO - Собрано новых ссылок: 24, всего: 24
2025-06-12 16:08:56,022 - INFO - Собрано новых ссылок: 24, всего: 24
2025-06-12 16:08:56,543 - INFO - Собрано новых ссылок: 36, всего: 36
2025-06-12 16:08:57,120 - INFO - Собрано новых ссылок: 36, всего: 48
2025-06-12 16:08:57,743 - INFO - Собрано новых ссылок: 36, всего: 48
2025-06-12 16:08:58,307 - INFO - Собрано новых ссылок: 36, всего: 60
2025-06-12 16:08:58,818 - INFO - Собрано новых ссылок: 36, всего: 60
2025-06-12 16:08:59,351 - INFO - Собрано новых ссылок: 36, всего: 72
2025-06-12 16:08:59,904 - INFO - Собрано новых ссылок: 36, всего: 84
2025-06-12 16:09:00,462 - INFO - Собрано новых ссылок: 36, всего: 84
2025-06-12 16:09:01,001 - INFO - Собрано новых ссылок: 36, всего: 96
2025-06-12 16:09:01,536 - INFO - Собрано новых ссылок: 36, всего: 96
2025-06-12 16:09:02,042 - INFO - Собрано новых ссылок: 36, всего: 108
2025-06-12 16:09:02,545 - INFO - Собрано новых ссылок: 36, всего: 120
2025-06-12 16:09:03,066 - INFO - Собрано новых ссылок: 36, всего: 120
2025-06-12 16:09:03,598 - INFO - Собрано новых ссылок: 36, всего: 132
2025-06-12 16:09:04,110 - INFO - Собрано новых ссылок: 36, всего: 144
2025-06-12 16:09:04,599 - INFO - Собрано новых ссылок: 36, всего: 144
2025-06-12 16:09:05,094 - INFO - Собрано новых ссылок: 36, всего: 156
2025-06-12 16:09:05,658 - INFO - Собрано новых ссылок: 36, всего: 156
2025-06-12 16:09:06,205 - INFO - Собрано новых ссылок: 36, всего: 168
2025-06-12 16:09:06,770 - INFO - Собрано новых ссылок: 36, всего: 168
2025-06-12 16:09:07,324 - INFO - Собрано новых ссылок: 36, всего: 192
2025-06-12 16:09:07,848 - INFO - Собрано новых ссылок: 36, всего: 192
2025-06-12 16:09:08,384 - INFO - Собрано новых ссылок: 36, всего: 204
2025-06-12 16:09:08,934 - INFO - Собрано новых ссылок: 36, всего: 204
2025-06-12 16:09:09,456 - INFO - Собрано новых ссылок: 36, всего: 204
2025-06-12 16:09:09,967 - INFO - Собрано новых ссылок: 36, всего: 216
2025-06-12 16:09:10,489 - INFO - Собрано новых ссылок: 36, всего: 228
2025-06-12 16:09:11,000 - INFO - Собрано новых ссылок: 36, всего: 228
2025-06-12 16:09:11,548 - INFO - Собрано новых ссылок: 36, всего: 240
2025-06-12 16:09:12,071 - INFO - Собрано новых ссылок: 36, всего: 252
2025-06-12 16:09:12,587 - INFO - Собрано новых ссылок: 36, всего: 252
2025-06-12 16:09:13,095 - INFO - Собрано новых ссылок: 36, всего: 264
2025-06-12 16:09:13,645 - INFO - Собрано новых ссылок: 36, всего: 264
2025-06-12 16:09:14,201 - INFO - Собрано новых ссылок: 36, всего: 276
2025-06-12 16:09:14,705 - INFO - Собрано новых ссылок: 36, всего: 288
2025-06-12 16:09:15,218 - INFO - Собрано новых ссылок: 36, всего: 288
2025-06-12 16:09:15,728 - INFO - Собрано новых ссылок: 36, всего: 288
2025-06-12 16:09:16,241 - INFO - Собрано новых ссылок: 36, всего: 300
2025-06-12 16:09:16,749 - INFO - Собрано новых ссылок: 36, всего: 312
2025-06-12 16:09:17,312 - INFO - Собрано новых ссылок: 36, всего: 312
2025-06-12 16:09:17,814 - INFO - Собрано новых ссылок: 36, всего: 324
2025-06-12 16:09:18,329 - INFO - Собрано новых ссылок: 36, всего: 336
2025-06-12 16:09:18,856 - INFO - Собрано новых ссылок: 36, всего: 336
2025-06-12 16:09:19,393 - INFO - Собрано новых ссылок: 36, всего: 348
2025-06-12 16:09:19,900 - INFO - Собрано новых ссылок: 36, всего: 360
2025-06-12 16:09:20,415 - INFO - Собрано новых ссылок: 36, всего: 360
2025-06-12 16:09:20,927 - INFO - Собрано новых ссылок: 36, всего: 372
2025-06-12 16:09:21,441 - INFO - Собрано новых ссылок: 36, всего: 384
2025-06-12 16:09:21,995 - INFO - Собрано новых ссылок: 36, всего: 384
2025-06-12 16:09:22,508 - INFO - Собрано новых ссылок: 36, всего: 396
2025-06-12 16:09:23,064 - INFO - Собрано новых ссылок: 36, всего: 396
2025-06-12 16:09:23,617 - INFO - Собрано новых ссылок: 36, всего: 396
2025-06-12 16:09:24,149 - INFO - Собрано новых ссылок: 36, всего: 420
2025-06-12 16:09:24,666 - INFO - Собрано новых ссылок: 36, всего: 420
2025-06-12 16:09:25,168 - INFO - Собрано новых ссылок: 36, всего: 432
2025-06-12 16:09:25,756 - INFO - Собрано новых ссылок: 36, всего: 432
2025-06-12 16:09:26,275 - INFO - Собрано новых ссылок: 36, всего: 432
2025-06-12 16:09:26,787 - INFO - Собрано новых ссылок: 36, всего: 432
2025-06-12 16:09:26,788 - INFO - Достигнут конец страницы
2025-06-12 16:09:26,788 - INFO - Итоговое количество собранных ссылок: 432
2025-06-12 16:09:26,788 - INFO - Найдено товаров: 432
2025-06-12 16:09:26,789 - INFO - Сбор данных о товарах
2025-06-12 16:09:26,789 - INFO - Обработка товара 1/432
2025-06-12 16:09:29,409 - INFO - Обработка товара 2/432
2025-06-12 16:09:31,713 - INFO - Обработка товара 3/432
2025-06-12 16:09:33,773 - INFO - Обработка товара 4/432
2025-06-12 16:09:35,912 - INFO - Обработка товара 5/432
2025-06-12 16:09:38,340 - INFO - Обработка товара 6/432
2025-06-12 16:09:40,964 - INFO - Обработка товара 7/432
